<?xml version="1.0" encoding="UTF-8"?>
<testsuite xmlns:xsi="http://www.w3.org/2001/XMLSchema-instance" xsi:noNamespaceSchemaLocation="https://maven.apache.org/surefire/maven-surefire-plugin/xsd/surefire-test-report.xsd" name="ssf.sistematizacao.FatorialTest" time="0.07" tests="3" errors="0" skipped="0" failures="0">
  <properties>
[...]
</properties>
  <testcase name="testFatorial_Caso1" classname="ssf.sistematizacao.FatorialTest" time="0.006"/>
  <testcase name="testFatorial_Caso2" classname="ssf.sistematizacao.FatorialTest" time="0"/>
  <testcase name="testFatorial_Caso3" classname="ssf.sistematizacao.FatorialTest" time="0"/>
</testsuite>